[2022-10-11 06:24:48] main.INFO: /usr/bin/php7.4 -f /var/www/vhosts/hardik.krishtechnolabs.net/webroot/bin/magento cache:flush 2>&1
Flushed cache types:
config
layout
block_html
collections
reflection
db_ddl
compiled_config
eav
customer_notification
config_integration
config_integration_api
full_page
config_webservice
translate
vertex [] []
[2022-10-11 06:25:39] main.INFO: /usr/bin/php7.4 -f /var/www/vhosts/hardik.krishtechnolabs.net/webroot/bin/magento setup:di:compile 2>&1
Compilation was started.
%message% 0/9 [>---------------------------]   0% < 1 sec 111.0 MiBProxies code generation... 0/9 [>---------------------------]   0% < 1 sec 111.0 MiB
Proxies code generation... 1/9 [===>------------------------]  11% < 1 sec 115.0 MiB
Repositories code generation... 1/9 [===>------------------------]  11% < 1 sec 115.0 MiB
Repositories code generation... 2/9 [======>---------------------]  22% 4 secs 246.0 MiB
Service data attributes generation... 2/9 [======>---------------------]  22% 4 secs 246.0 MiB
Application code generator... 3/9 [=========>------------------]  33% 4 secs 246.0 MiB
Application code generator... 4/9 [============>---------------]  44% 10 secs 270.0 MiB
Interceptors generation... 4/9 [============>---------------]  44% 10 secs 270.0 MiB
Interceptors generation... 5/9 [===============>------------]  55% 28 secs 316.0 MiB
Area configuration aggregation... 5/9 [===============>------------]  55% 28 secs 316.0 MiB
Area configuration aggregation... 6/9 [==================>---------]  66% 34 secs 422.0 MiB
Interception cache generation... 6/9 [==================>---------]  66% 34 secs 422.0 MiB
Interception cache generation... 7/9 [=====================>------]  77% 38 secs 420.0 MiB
App action list generation... 7/9 [=====================>------]  77% 38 secs 420.0 MiB
Plugin list generation... 8/9 [========================>---]  88% 38 secs 420.0 MiB
Plugin list generation... 9/9 [============================] 100% 40 secs 420.0 MiB
Generated code and dependency injection configuration successfully. [] []
[2022-10-11 06:25:41] main.INFO: /usr/bin/php7.4 -f /var/www/vhosts/hardik.krishtechnolabs.net/webroot/bin/magento cache:flush 2>&1
Flushed cache types:
config
layout
block_html
collections
reflection
db_ddl
compiled_config
eav
customer_notification
config_integration
config_integration_api
full_page
config_webservice
translate
vertex [] []
[2022-10-11 06:26:03] main.INFO: /usr/bin/php7.4 -f /var/www/vhosts/hardik.krishtechnolabs.net/webroot/bin/magento setup:static-content:deploy -f en_US 2>&1

Deploy using quick strategy
frontend/Magento/blank/en_US            0/2497              >--------------------------- 0%     < 1 sec
[1A[2Kfrontend/Magento/blank/en_US            173/2497            =>-------------------------- 6%     1 sec
[1A[2Kfrontend/Magento/blank/en_US            1087/2497           ============>--------------- 43%    2 secs
[1A[2Kfrontend/Magento/blank/en_US            2229/2497           ========================>--- 89%    3 secs
[1A[2Kfrontend/Magento/blank/en_US            2416/2497           ===========================> 96%    4 secs
[1A[2Kfrontend/Magento/blank/en_US            2418/2497           ===========================> 96%    6 secs
[1A[2Kfrontend/Magento/blank/en_US            2497/2497           ============================ 100%   6 secs
adminhtml/Magento/backend/en_US         362/2556            ===>------------------------ 14%    1 sec
[1A[2K[1A[2Kfrontend/Magento/blank/en_US            2497/2497           ============================ 100%   6 secs
adminhtml/Magento/backend/en_US         1193/2556           =============>-------------- 46%    2 secs
[1A[2K[1A[2Kfrontend/Magento/blank/en_US            2497/2497           ============================ 100%   6 secs
adminhtml/Magento/backend/en_US         2337/2556           =========================>-- 91%    5 secs
[1A[2K[1A[2Kfrontend/Magento/blank/en_US            2497/2497           ============================ 100%   6 secs
adminhtml/Magento/backend/en_US         2338/2556           =========================>-- 91%    6 secs
[1A[2K[1A[2Kfrontend/Magento/blank/en_US            2497/2497           ============================ 100%   6 secs
adminhtml/Magento/backend/en_US         2556/2556           ============================ 100%   6 secs
frontend/Magento/luma/en_US             51/2513             >--------------------------- 2%     1 sec
[1A[2K[1A[2K[1A[2Kfrontend/Magento/blank/en_US            2497/2497           ============================ 100%   6 secs
adminhtml/Magento/backend/en_US         2556/2556           ============================ 100%   6 secs
frontend/Magento/luma/en_US             877/2513            =========>------------------ 34%    2 secs
[1A[2K[1A[2K[1A[2Kfrontend/Magento/blank/en_US            2497/2497           ============================ 100%   6 secs
adminhtml/Magento/backend/en_US         2556/2556           ============================ 100%   6 secs
frontend/Magento/luma/en_US             2092/2513           =======================>---- 83%    3 secs
[1A[2K[1A[2K[1A[2Kfrontend/Magento/blank/en_US            2497/2497           ============================ 100%   6 secs
adminhtml/Magento/backend/en_US         2556/2556           ============================ 100%   6 secs
frontend/Magento/luma/en_US             2414/2513           ==========================>- 96%    4 secs
[1A[2K[1A[2K[1A[2Kfrontend/Magento/blank/en_US            2497/2497           ============================ 100%   6 secs
adminhtml/Magento/backend/en_US         2556/2556           ============================ 100%   6 secs
frontend/Magento/luma/en_US             2418/2513           ==========================>- 96%    7 secs
[1A[2K[1A[2K[1A[2Kfrontend/Magento/blank/en_US            2497/2497           ============================ 100%   6 secs
adminhtml/Magento/backend/en_US         2556/2556           ============================ 100%   6 secs
frontend/Magento/luma/en_US             2513/2513           ============================ 100%   7 secs

Execution time: 20.907326221466 [] []
